# JRE version: OpenJDK Runtime Environment Temurin-17.0.10+7 (17.0.10+7) (build 17.0.10+7)
# Java VM: OpenJDK 64-Bit Server VM Temurin-17.0.10+7 (17.0.10+7, mixed mode, tiered, compressed oops, compressed class ptrs, g1 gc, windows-amd64)
GC Precious Log:
 CPUs: 8 total, 8 available
 Memory: 16192M
 Large Page Support: Disabled
 NUMA Support: Disabled
 Compressed Oops: Enabled (Zero based)
 Heap Region Size: 2M
 Heap Min Capacity: 8M
 Heap Initial Capacity: 254M
 Heap Max Capacity: 4050M
 Pre-touch: Disabled
 Parallel Workers: 8
 Concurrent Workers: 2
 Concurrent Refinement Workers: 8
 Periodic GC: Disabled
Heap:
 garbage-first heap   total 260096K, used 50771K [0x0000000702e00000, 0x0000000800000000)
  region size 2048K, 22 young (45056K), 1 survivors (2048K)
 Metaspace       used 14016K, committed 14272K, reserved 1114112K
  class space    used 1330K, committed 1472K, reserved 1048576K
GC Heap History (6 events):
Event: 402.457 GC heap before
{Heap before GC invocations=0 (full 0):
 garbage-first heap   total 260096K, used 22528K [0x0000000702e00000, 0x0000000800000000)
  region size 2048K, 11 young (22528K), 0 survivors (0K)
 Metaspace       used 13987K, committed 14272K, reserved 1114112K
  class space    used 1327K, committed 1472K, reserved 1048576K
}
Event: 402.462 GC heap after
{Heap after GC invocations=1 (full 0):
 garbage-first heap   total 260096K, used 6315K [0x0000000702e00000, 0x0000000800000000)
  region size 2048K, 2 young (4096K), 2 survivors (4096K)
 Metaspace       used 13987K, committed 14272K, reserved 1114112K
  class space    used 1327K, committed 1472K, reserved 1048576K
}
Event: 1680.171 GC heap before
{Heap before GC invocations=1 (full 0):
 garbage-first heap   total 260096K, used 28843K [0x0000000702e00000, 0x0000000800000000)
  region size 2048K, 13 young (26624K), 2 survivors (4096K)
 Metaspace       used 13989K, committed 14272K, reserved 1114112K
  class space    used 1327K, committed 1472K, reserved 1048576K
}
Event: 1680.173 GC heap after
{Heap after GC invocations=2 (full 0):
 garbage-first heap   total 260096K, used 5768K [0x0000000702e00000, 0x0000000800000000)
  region size 2048K, 1 young (2048K), 1 survivors (2048K)
 Metaspace       used 13989K, committed 14272K, reserved 1114112K
  class space    used 1327K, committed 1472K, reserved 1048576K
}
Event: 5440.283 GC heap before
{Heap before GC invocations=2 (full 0):
 garbage-first heap   total 260096K, used 71304K [0x0000000702e00000, 0x0000000800000000)
  region size 2048K, 33 young (67584K), 1 survivors (2048K)
 Metaspace       used 14004K, committed 14272K, reserved 1114112K
  class space    used 1327K, committed 1472K, reserved 1048576K
}
Event: 5440.288 GC heap after
{Heap after GC invocations=3 (full 0):
 garbage-first heap   total 260096K, used 5715K [0x0000000702e00000, 0x0000000800000000)
  region size 2048K, 1 young (2048K), 1 survivors (2048K)
 Metaspace       used 14004K, committed 14272K, reserved 1114112K
  class space    used 1327K, committed 1472K, reserved 1048576K
}

