# JRE version: OpenJDK Runtime Environment Temurin-17.0.10+7 (17.0.10+7) (build 17.0.10+7)
# Java VM: OpenJDK 64-Bit Server VM Temurin-17.0.10+7 (17.0.10+7, mixed mode, tiered, compressed oops, compressed class ptrs, g1 gc, windows-amd64)
GC Precious Log:
 CPUs: 8 total, 8 available
 Memory: 16192M
 Large Page Support: Disabled
 NUMA Support: Disabled
 Compressed Oops: Enabled (Zero based)
 Heap Region Size: 2M
 Heap Min Capacity: 8M
 Heap Initial Capacity: 254M
 Heap Max Capacity: 4050M
 Pre-touch: Disabled
 Parallel Workers: 8
 Concurrent Workers: 2
 Concurrent Refinement Workers: 8
 Periodic GC: Disabled
Heap:
 garbage-first heap   total 260096K, used 55582K [0x0000000702e00000, 0x0000000800000000)
  region size 2048K, 24 young (49152K), 1 survivors (2048K)
 Metaspace       used 13787K, committed 14016K, reserved 1114112K
  class space    used 1329K, committed 1472K, reserved 1048576K
GC Heap History (6 events):
Event: 488.389 GC heap before
{Heap before GC invocations=0 (full 0):
 garbage-first heap   total 260096K, used 22528K [0x0000000702e00000, 0x0000000800000000)
  region size 2048K, 11 young (22528K), 0 survivors (0K)
 Metaspace       used 13753K, committed 14016K, reserved 1114112K
  class space    used 1327K, committed 1472K, reserved 1048576K
}
Event: 488.393 GC heap after
{Heap after GC invocations=1 (full 0):
 garbage-first heap   total 260096K, used 5207K [0x0000000702e00000, 0x0000000800000000)
  region size 2048K, 2 young (4096K), 2 survivors (4096K)
 Metaspace       used 13753K, committed 14016K, reserved 1114112K
  class space    used 1327K, committed 1472K, reserved 1048576K
}
Event: 1771.794 GC heap before
{Heap before GC invocations=1 (full 0):
 garbage-first heap   total 260096K, used 27735K [0x0000000702e00000, 0x0000000800000000)
  region size 2048K, 13 young (26624K), 2 survivors (4096K)
 Metaspace       used 13762K, committed 14016K, reserved 1114112K
  class space    used 1327K, committed 1472K, reserved 1048576K
}
Event: 1771.797 GC heap after
{Heap after GC invocations=2 (full 0):
 garbage-first heap   total 260096K, used 6475K [0x0000000702e00000, 0x0000000800000000)
  region size 2048K, 1 young (2048K), 1 survivors (2048K)
 Metaspace       used 13762K, committed 14016K, reserved 1114112K
  class space    used 1327K, committed 1472K, reserved 1048576K
}
Event: 5502.035 GC heap before
{Heap before GC invocations=2 (full 0):
 garbage-first heap   total 260096K, used 72011K [0x0000000702e00000, 0x0000000800000000)
  region size 2048K, 33 young (67584K), 1 survivors (2048K)
 Metaspace       used 13776K, committed 14016K, reserved 1114112K
  class space    used 1327K, committed 1472K, reserved 1048576K
}
Event: 5502.040 GC heap after
{Heap after GC invocations=3 (full 0):
 garbage-first heap   total 260096K, used 6430K [0x0000000702e00000, 0x0000000800000000)
  region size 2048K, 1 young (2048K), 1 survivors (2048K)
 Metaspace       used 13776K, committed 14016K, reserved 1114112K
  class space    used 1327K, committed 1472K, reserved 1048576K
}

