# JRE version: OpenJDK Runtime Environment Temurin-17.0.10+7 (17.0.10+7) (build 17.0.10+7)
# Java VM: OpenJDK 64-Bit Server VM Temurin-17.0.10+7 (17.0.10+7, mixed mode, tiered, compressed oops, compressed class ptrs, g1 gc, windows-amd64)
GC Precious Log:
 CPUs: 8 total, 8 available
 Memory: 16192M
 Large Page Support: Disabled
 NUMA Support: Disabled
 Compressed Oops: Enabled (Zero based)
 Heap Region Size: 2M
 Heap Min Capacity: 8M
 Heap Initial Capacity: 254M
 Heap Max Capacity: 4050M
 Pre-touch: Disabled
 Parallel Workers: 8
 Concurrent Workers: 2
 Concurrent Refinement Workers: 8
 Periodic GC: Disabled
Heap:
 garbage-first heap   total 260096K, used 6000K [0x0000000702e00000, 0x0000000800000000)
  region size 2048K, 2 young (4096K), 1 survivors (2048K)
 Metaspace       used 14064K, committed 14272K, reserved 1114112K
  class space    used 1325K, committed 1472K, reserved 1048576K
GC Heap History (14 events):
Event: 272.920 GC heap before
{Heap before GC invocations=0 (full 0):
 garbage-first heap   total 260096K, used 22528K [0x0000000702e00000, 0x0000000800000000)
  region size 2048K, 11 young (22528K), 0 survivors (0K)
 Metaspace       used 14050K, committed 14272K, reserved 1114112K
  class space    used 1325K, committed 1472K, reserved 1048576K
}
Event: 272.924 GC heap after
{Heap after GC invocations=1 (full 0):
 garbage-first heap   total 260096K, used 5201K [0x0000000702e00000, 0x0000000800000000)
  region size 2048K, 2 young (4096K), 2 survivors (4096K)
 Metaspace       used 14050K, committed 14272K, reserved 1114112K
  class space    used 1325K, committed 1472K, reserved 1048576K
}
Event: 1562.859 GC heap before
{Heap before GC invocations=1 (full 0):
 garbage-first heap   total 260096K, used 27729K [0x0000000702e00000, 0x0000000800000000)
  region size 2048K, 13 young (26624K), 2 survivors (4096K)
 Metaspace       used 14052K, committed 14272K, reserved 1114112K
  class space    used 1325K, committed 1472K, reserved 1048576K
}
Event: 1562.863 GC heap after
{Heap after GC invocations=2 (full 0):
 garbage-first heap   total 260096K, used 6173K [0x0000000702e00000, 0x0000000800000000)
  region size 2048K, 1 young (2048K), 1 survivors (2048K)
 Metaspace       used 14052K, committed 14272K, reserved 1114112K
  class space    used 1325K, committed 1472K, reserved 1048576K
}
Event: 5318.935 GC heap before
{Heap before GC invocations=2 (full 0):
 garbage-first heap   total 260096K, used 71709K [0x0000000702e00000, 0x0000000800000000)
  region size 2048K, 33 young (67584K), 1 survivors (2048K)
 Metaspace       used 14064K, committed 14272K, reserved 1114112K
  class space    used 1325K, committed 1472K, reserved 1048576K
}
Event: 5318.940 GC heap after
{Heap after GC invocations=3 (full 0):
 garbage-first heap   total 260096K, used 6047K [0x0000000702e00000, 0x0000000800000000)
  region size 2048K, 1 young (2048K), 1 survivors (2048K)
 Metaspace       used 14064K, committed 14272K, reserved 1114112K
  class space    used 1325K, committed 1472K, reserved 1048576K
}
Event: 5910.818 GC heap before
{Heap before GC invocations=3 (full 0):
 garbage-first heap   total 260096K, used 16287K [0x0000000702e00000, 0x0000000800000000)
  region size 2048K, 6 young (12288K), 1 survivors (2048K)
 Metaspace       used 14064K, committed 14272K, reserved 1114112K
  class space    used 1325K, committed 1472K, reserved 1048576K
}
Event: 5910.820 GC heap after
{Heap after GC invocations=4 (full 0):
 garbage-first heap   total 260096K, used 6001K [0x0000000702e00000, 0x0000000800000000)
  region size 2048K, 1 young (2048K), 1 survivors (2048K)
 Metaspace       used 14064K, committed 14272K, reserved 1114112K
  class space    used 1325K, committed 1472K, reserved 1048576K
}
Event: 6504.166 GC heap before
{Heap before GC invocations=4 (full 0):
 garbage-first heap   total 260096K, used 16241K [0x0000000702e00000, 0x0000000800000000)
  region size 2048K, 6 young (12288K), 1 survivors (2048K)
 Metaspace       used 14064K, committed 14272K, reserved 1114112K
  class space    used 1325K, committed 1472K, reserved 1048576K
}
Event: 6504.168 GC heap after
{Heap after GC invocations=5 (full 0):
 garbage-first heap   total 260096K, used 6002K [0x0000000702e00000, 0x0000000800000000)
  region size 2048K, 1 young (2048K), 1 survivors (2048K)
 Metaspace       used 14064K, committed 14272K, reserved 1114112K
  class space    used 1325K, committed 1472K, reserved 1048576K
}
Event: 7096.261 GC heap before
{Heap before GC invocations=5 (full 0):
 garbage-first heap   total 260096K, used 16242K [0x0000000702e00000, 0x0000000800000000)
  region size 2048K, 6 young (12288K), 1 survivors (2048K)
 Metaspace       used 14064K, committed 14272K, reserved 1114112K
  class space    used 1325K, committed 1472K, reserved 1048576K
}
Event: 7096.262 GC heap after
{Heap after GC invocations=6 (full 0):
 garbage-first heap   total 260096K, used 5998K [0x0000000702e00000, 0x0000000800000000)
  region size 2048K, 1 young (2048K), 1 survivors (2048K)
 Metaspace       used 14064K, committed 14272K, reserved 1114112K
  class space    used 1325K, committed 1472K, reserved 1048576K
}
Event: 7687.091 GC heap before
{Heap before GC invocations=6 (full 0):
 garbage-first heap   total 260096K, used 16238K [0x0000000702e00000, 0x0000000800000000)
  region size 2048K, 6 young (12288K), 1 survivors (2048K)
 Metaspace       used 14064K, committed 14272K, reserved 1114112K
  class space    used 1325K, committed 1472K, reserved 1048576K
}
Event: 7687.095 GC heap after
{Heap after GC invocations=7 (full 0):
 garbage-first heap   total 260096K, used 6000K [0x0000000702e00000, 0x0000000800000000)
  region size 2048K, 1 young (2048K), 1 survivors (2048K)
 Metaspace       used 14064K, committed 14272K, reserved 1114112K
  class space    used 1325K, committed 1472K, reserved 1048576K
}

